\BOOKMARK [1][-]{section.1}{\376\377\000W\000s\000t\001\031\000p}{}% 1
\BOOKMARK [1][-]{section.2}{\376\377\000C\000e\000l\000\040\000i\000\040\000z\000a\000k\000r\000e\000s\000\040\000p\000r\000a\000c\000y}{}% 2
\BOOKMARK [2][-]{subsection.2.1}{\376\377\000C\000e\000l\000\040\000p\000r\000a\000c\000y}{section.2}% 3
\BOOKMARK [2][-]{subsection.2.2}{\376\377\000Z\000a\000k\000r\000e\000s\000\040\000p\000r\000a\000c\000y}{section.2}% 4
\BOOKMARK [2][-]{subsection.2.3}{\376\377\000P\000o\000d\000z\000i\000a\001\102\000\040\000p\000r\000a\000c\000y}{section.2}% 5
\BOOKMARK [1][-]{section.3}{\376\377\000A\000n\000a\000l\000i\000z\000a\000\040\000r\000y\000n\000k\000u}{}% 6
\BOOKMARK [2][-]{subsection.3.1}{\376\377\000i\000n\000v\000a\000l\000u\000a\000b\000l\000e\000.\000c\000o\000m}{section.3}% 7
\BOOKMARK [2][-]{subsection.3.2}{\376\377\000d\000e\000s\000a\000.\000p\000l}{section.3}% 8
\BOOKMARK [2][-]{subsection.3.3}{\376\377\000a\000u\000c\000t\000i\000o\000n\000e\000t\000.\000c\000o\000m}{section.3}% 9
\BOOKMARK [1][-]{section.4}{\376\377\000U\001\174\000y\000t\000e\000\040\000t\000e\000c\000h\000n\000o\000l\000o\000g\000i\000e\000\040\000i\000\040\000n\000a\000r\000z\001\031\000d\000z\000i\000a}{}% 10
\BOOKMARK [2][-]{subsection.4.1}{\376\377\000E\000l\000e\000m\000e\000n\000t\000\040\000r\000e\000n\000d\000e\000r\000u\000j\001\005\000c\000y}{section.4}% 11
\BOOKMARK [3][-]{subsubsection.4.1.1}{\376\377\000J\001\031\000z\000y\000k\000\040\000C\000+\000+}{subsection.4.1}% 12
\BOOKMARK [3][-]{subsubsection.4.1.2}{\376\377\000W\000e\000b\000G\000P\000U}{subsection.4.1}% 13
\BOOKMARK [3][-]{subsubsection.4.1.3}{\376\377\000W\000e\000b\000G\000P\000U\040\021\000C\000p\000p}{subsection.4.1}% 14
\BOOKMARK [3][-]{subsubsection.4.1.4}{\376\377\000W\000e\000b\000A\000s\000s\000e\000m\000b\000l\000y}{subsection.4.1}% 15
\BOOKMARK [3][-]{subsubsection.4.1.5}{\376\377\000E\000m\000s\000c\000r\000i\000p\000t\000e\000n}{subsection.4.1}% 16
\BOOKMARK [3][-]{subsubsection.4.1.6}{\376\377\000W\000G\000S\000L\000\040\000\050\000W\000e\000b\000G\000P\000U\000\040\000S\000h\000a\000d\000i\000n\000g\000\040\000L\000a\000n\000g\000u\000a\000g\000e\000\051}{subsection.4.1}% 17
\BOOKMARK [3][-]{subsubsection.4.1.7}{\376\377\000C\000M\000a\000k\000e}{subsection.4.1}% 18
\BOOKMARK [3][-]{subsubsection.4.1.8}{\376\377\000N\000i\000n\000j\000a}{subsection.4.1}% 19
\BOOKMARK [3][-]{subsubsection.4.1.9}{\376\377\000B\000i\000b\000l\000i\000o\000t\000e\000k\000i\000\040\000C\000+\000+}{subsection.4.1}% 20
\BOOKMARK [2][-]{subsection.4.2}{\376\377\000S\000y\000s\000t\000e\000m\000\040\000a\000u\000k\000c\000y\000j\000n\000y}{section.4}% 21
\BOOKMARK [1][-]{section.5}{\376\377\000P\000r\000o\000j\000e\000k\000t\000\040\000a\000p\000l\000i\000k\000a\000c\000j\000i}{}% 22
\BOOKMARK [2][-]{subsection.5.1}{\376\377\000U\000d\000o\000k\000u\000m\000e\000n\000t\000o\000w\000a\000n\000i\000e\000\040\000a\000n\000a\000l\000i\000z\000y\000\040\000i\000\040\000u\000d\000o\000k\000u\000m\000e\000n\000t\000o\000w\000a\000n\000i\000e\000\040\000r\000o\000z\000p\000o\000z\000n\000a\000n\000y\000c\000h\000\040\000p\000r\000o\000c\000e\000s\000\363\000w\000\040\000b\000i\000z\000n\000e\000s\000o\000w\000y\000c\000h}{section.5}% 23
\BOOKMARK [3][-]{subsubsection.5.1.1}{\376\377\000P\000r\000z\000y\000p\000a\000d\000k\000i\000\040\000u\001\174\000y\000c\000i\000a\000:}{subsection.5.1}% 24
\BOOKMARK [3][-]{subsubsection.5.1.2}{\376\377\000D\000i\000a\000g\000r\000a\000m\000y\000\040\000b\000p\000m\000n\000:}{subsection.5.1}% 25
\BOOKMARK [2][-]{subsection.5.2}{\376\377\000W\000y\000m\000a\000g\000a\000n\000i\000a\000\040\000f\000u\000n\000k\000c\000j\000o\000n\000a\000l\000n\000e\000:}{section.5}% 26
\BOOKMARK [2][-]{subsection.5.3}{\376\377\000W\000y\000m\000a\000g\000a\000n\000i\000a\000\040\000n\000i\000e\000f\000u\000n\000k\000c\000j\000o\000n\000a\000l\000n\000e\000:}{section.5}% 27
\BOOKMARK [2][-]{subsection.5.4}{\376\377\000D\000i\000a\000g\000r\000a\000m\000\040\000p\000a\000k\000i\000e\000t\000\363\000w\000\040\000p\000r\000z\000y\000p\000a\000d\000k\000\363\000w\000\040\000u\001\174\000y\000c\000i\000a}{section.5}% 28
\BOOKMARK [2][-]{subsection.5.5}{\376\377\000D\000i\000a\000g\000r\000a\000m\000y\000\040\000p\000r\000z\000y\000p\000a\000d\000k\000\363\000w\000\040\000u\001\174\000y\000c\000i\000a}{section.5}% 29
\BOOKMARK [2][-]{subsection.5.6}{\376\377\000H\000i\000s\000t\000o\000r\000y\000j\000k\000i\000\040\000u\001\174\000y\000t\000k\000o\000w\000n\000i\000k\000a}{section.5}% 30
\BOOKMARK [3][-]{subsubsection.5.6.1}{\376\377\000U\001\174\000y\000t\000k\000o\000w\000n\000i\000k}{subsection.5.6}% 31
\BOOKMARK [3][-]{subsubsection.5.6.2}{\376\377\000A\000d\000m\000i\000n\000i\000s\000t\000r\000a\000t\000o\000r}{subsection.5.6}% 32
\BOOKMARK [3][-]{subsubsection.5.6.3}{\376\377\000D\000o\000m\000\040\000a\000u\000k\000c\000y\000j\000n\000y}{subsection.5.6}% 33
\BOOKMARK [2][-]{subsection.5.7}{\376\377\000D\000i\000a\000g\000r\000a\000m\000y\000\040\000k\000l\000a\000s}{section.5}% 34
\BOOKMARK [2][-]{subsection.5.8}{\376\377\000D\000i\000a\000g\000r\000a\000m\000y\000\040\000s\000e\000k\000w\000e\000n\000c\000j\000i}{section.5}% 35
\BOOKMARK [2][-]{subsection.5.9}{\376\377\000P\000r\000o\000j\000e\000k\000t\000\040\000i\000n\000t\000e\000r\000f\000e\000j\000s\000u\000\040\000u\001\174\000y\000t\000k\000o\000w\000n\000i\000k\000a}{section.5}% 36
\BOOKMARK [2][-]{subsection.5.10}{\376\377\000M\000o\000d\000e\000l\000\040\000d\000a\000n\000y\000c\000h}{section.5}% 37
